#
# A fatal error has been detected by the Java Runtime Environment:
#
#  Internal Error (classFileParser.cpp:3494), pid=1256, tid=9096
#  Error: ShouldNotReachHere()
#
# JRE version: 6.0_26-b03
# Java VM: Java HotSpot(TM) Client VM (20.1-b02 mixed mode windows-x86 )
# If you would like to submit a bug report, please visit:
#   http://java.sun.com/webapps/bugreport/crash.jsp
#

---------------  T H R E A D  ---------------

Current thread (0x023f9400):  JavaThread "Unknown thread" [_thread_in_vm, id=9096, stack(0x00430000,0x00480000)]

Stack: [0x00430000,0x00480000],  sp=0x0047f86c,  free space=318k
Native frames: (J=compiled Java code, j=interpreted, Vv=VM code, C=native code)
V  [jvm.dll+0x13379a]
V  [jvm.dll+0x12e6fb]
V  [jvm.dll+0x163fe]
V  [jvm.dll+0x17c1f]
V  [jvm.dll+0x26cc5]
V  [jvm.dll+0x27506]
V  [jvm.dll+0x278b5]
V  [jvm.dll+0x27949]
V  [jvm.dll+0x27a0c]
V  [jvm.dll+0x27a8a]
V  [jvm.dll+0x27b6d]
V  [jvm.dll+0x27e39]
V  [jvm.dll+0x6c523]
V  [jvm.dll+0x6c8fc]
V  [jvm.dll+0xf9d5c]
V  [jvm.dll+0x11864b]
V  [jvm.dll+0x9ec30]
C  [javaw.exe+0x1657]
C  [javaw.exe+0x1e2c]
C  [javaw.exe+0x8644]
C  [kernel32.dll+0x1339a]  BaseThreadInitThunk+0x12
C  [ntdll.dll+0x39ef2]  RtlInitializeExceptionChain+0x63
C  [ntdll.dll+0x39ec5]  RtlInitializeExceptionChain+0x36


---------------  P R O C E S S  ---------------

Java Threads: ( => current thread )

Other Threads:

=>0x023f9400 (exited) JavaThread "Unknown thread" [_thread_in_vm, id=9096, stack(0x00430000,0x00480000)]

VM state:not at safepoint (not fully initialized)

VM Mutex/Monitor currently owned by a thread: None

Dynamic libraries:
0x00400000 - 0x00424000 	C:\Program Files (x86)\Java\jdk1.6.0_26\bin\javaw.exe
0x77340000 - 0x774c0000 	C:\Windows\SysWOW64\ntdll.dll
0x75e10000 - 0x75f20000 	C:\Windows\syswow64\kernel32.dll
0x76230000 - 0x76276000 	C:\Windows\syswow64\KERNELBASE.dll
0x748d0000 - 0x74904000 	C:\Program Files\Alwil Software\Avast5\snxhk.dll
0x76040000 - 0x760e0000 	C:\Windows\syswow64\ADVAPI32.dll
0x765c0000 - 0x7666c000 	C:\Windows\syswow64\msvcrt.dll
0x763a0000 - 0x763b9000 	C:\Windows\SysWOW64\sechost.dll
0x76280000 - 0x76370000 	C:\Windows\syswow64\RPCRT4.dll
0x74a20000 - 0x74a80000 	C:\Windows\syswow64\SspiCli.dll
0x74a10000 - 0x74a1c000 	C:\Windows\syswow64\CRYPTBASE.dll
0x76490000 - 0x76590000 	C:\Windows\syswow64\USER32.dll
0x75d70000 - 0x75e00000 	C:\Windows\syswow64\GDI32.dll
0x74d20000 - 0x74d2a000 	C:\Windows\syswow64\LPK.dll
0x76110000 - 0x761ad000 	C:\Windows\syswow64\USP10.dll
0x70790000 - 0x707dc000 	C:\Windows\system32\apphelp.dll
0x65070000 - 0x65288000 	C:\Windows\AppPatch\AcGenral.DLL
0x75d00000 - 0x75d57000 	C:\Windows\syswow64\SHLWAPI.dll
0x70680000 - 0x70700000 	C:\Windows\system32\UxTheme.dll
0x74730000 - 0x74762000 	C:\Windows\system32\WINMM.dll
0x6e290000 - 0x6e29f000 	C:\Windows\system32\samcli.dll
0x74d90000 - 0x74eec000 	C:\Windows\syswow64\ole32.dll
0x769f0000 - 0x76a7f000 	C:\Windows\syswow64\OLEAUT32.dll
0x6e270000 - 0x6e284000 	C:\Windows\system32\MSACM32.dll
0x748c0000 - 0x748c9000 	C:\Windows\system32\VERSION.dll
0x750b0000 - 0x75cfa000 	C:\Windows\syswow64\SHELL32.dll
0x74530000 - 0x74533000 	C:\Windows\system32\sfc.dll
0x74500000 - 0x7450d000 	C:\Windows\system32\sfc_os.DLL
0x722e0000 - 0x722f7000 	C:\Windows\system32\USERENV.dll
0x722d0000 - 0x722db000 	C:\Windows\system32\profapi.dll
0x74550000 - 0x74563000 	C:\Windows\system32\dwmapi.dll
0x76850000 - 0x769ed000 	C:\Windows\syswow64\SETUPAPI.dll
0x76370000 - 0x76397000 	C:\Windows\syswow64\CFGMGR32.dll
0x74d70000 - 0x74d82000 	C:\Windows\syswow64\DEVOBJ.dll
0x74a80000 - 0x74b91000 	C:\Windows\syswow64\urlmon.dll
0x74ef0000 - 0x750a8000 	C:\Windows\syswow64\iertutil.dll
0x75f20000 - 0x7603b000 	C:\Windows\syswow64\WININET.dll
0x77310000 - 0x77313000 	C:\Windows\syswow64\Normaliz.dll
0x6b4e0000 - 0x6b4f2000 	C:\Windows\system32\MPR.dll
0x6a470000 - 0x6a4fd000 	C:\Windows\AppPatch\AcLayers.DLL
0x74860000 - 0x748b1000 	C:\Windows\system32\WINSPOOL.DRV
0x767f0000 - 0x76850000 	C:\Windows\system32\IMM32.DLL
0x763c0000 - 0x7648c000 	C:\Windows\syswow64\MSCTF.dll
0x7c340000 - 0x7c396000 	C:\Program Files (x86)\Java\jdk1.6.0_26\jre\bin\msvcr71.dll
0x6d8a0000 - 0x6db4f000 	C:\Program Files (x86)\Java\jdk1.6.0_26\jre\bin\client\jvm.dll
0x6d850000 - 0x6d85c000 	C:\Program Files (x86)\Java\jdk1.6.0_26\jre\bin\verify.dll
0x6d3d0000 - 0x6d3ef000 	C:\Program Files (x86)\Java\jdk1.6.0_26\jre\bin\java.dll
0x75e00000 - 0x75e05000 	C:\Windows\system32\PSAPI.DLL
0x6d890000 - 0x6d89f000 	C:\Program Files (x86)\Java\jdk1.6.0_26\jre\bin\zip.dll

VM Arguments:
jvm_args: -Dfile.encoding=Cp1252 -Xbootclasspath:C:\android\platforms\android-8\android.jar 
java_command: com.cloudappstudio.android.Test
Launcher Type: SUN_STANDARD

Environment Variables:
CLASSPATH=.;C:\Program Files (x86)\Java\jre6\lib\ext\QTJava.zip
PATH=C:/Program Files (x86)/Java/jre6/bin/client;C:/Program Files (x86)/Java/jre6/bin;C:/Program Files (x86)/Java/jre6/lib/i386;C:\Program Files (x86)\NVIDIA Corporation\PhysX\Common;C:\Windows\system32;C:\Windows;C:\Windows\System32\Wbem;C:\Windows\System32\WindowsPowerShell\v1.0\;C:\Program Files (x86)\ATI Technologies\ATI.ACE\Core-Static;C:\Program Files (x86)\Java\jdk1.6.0_26\bin;C:\eclipse\plugins\com.intland.hgbinary.win32_1.6.4\os\win32;C:\eclipse\plugins\com.google.appengine.eclipse.sdkbundle.1.4.0_1.4.0.v201012021502\appengine-java-sdk-1.4.0\bin;C:\android\tools;C:\Program Files (x86)\QuickTime\QTSystem\;C:\eclipse;
USERNAME=Dick
OS=Windows_NT
PROCESSOR_IDENTIFIER=Intel64 Family 6 Model 37 Stepping 2, GenuineIntel



---------------  S Y S T E M  ---------------

OS: Windows 7 Build 7601 Service Pack 1

CPU:total 4 (2 cores per cpu, 2 threads per core) family 6 model 37 stepping 2, cmov, cx8, fxsr, mmx, sse, sse2, sse3, ssse3, sse4.1, sse4.2, popcnt, ht

Memory: 4k page, physical 8383984k(5936980k free), swap 16766120k(10739020k free)

vm_info: Java HotSpot(TM) Client VM (20.1-b02) for windows-x86 JRE (1.6.0_26-b03), built on May  4 2011 00:50:59 by "java_re" with MS VC++ 7.1 (VS2003)

time: Sat Jan 28 15:01:59 2012
elapsed time: 0 seconds

