#
# A fatal error has been detected by the Java Runtime Environment:
#
#  Internal Error (classFileParser.cpp:3494), pid=872, tid=7848
#  Error: ShouldNotReachHere()
#
# JRE version: 6.0_26-b03
# Java VM: Java HotSpot(TM) Client VM (20.1-b02 mixed mode windows-x86 )
# If you would like to submit a bug report, please visit:
#   http://java.sun.com/webapps/bugreport/crash.jsp
#

---------------  T H R E A D  ---------------

Current thread (0x02779400):  JavaThread "Unknown thread" [_thread_in_vm, id=7848, stack(0x00980000,0x009d0000)]

Stack: [0x00980000,0x009d0000],  sp=0x009cf86c,  free space=318k
Native frames: (J=compiled Java code, j=interpreted, Vv=VM code, C=native code)
V  [jvm.dll+0x13379a]
V  [jvm.dll+0x12e6fb]
V  [jvm.dll+0x163fe]
V  [jvm.dll+0x17c1f]
V  [jvm.dll+0x26cc5]
V  [jvm.dll+0x27506]
V  [jvm.dll+0x278b5]
V  [jvm.dll+0x27949]
V  [jvm.dll+0x27a0c]
V  [jvm.dll+0x27a8a]
V  [jvm.dll+0x27b6d]
V  [jvm.dll+0x27e39]
V  [jvm.dll+0x6c523]
V  [jvm.dll+0x6c8fc]
V  [jvm.dll+0xf9d5c]
V  [jvm.dll+0x11864b]
V  [jvm.dll+0x9ec30]
C  [javaw.exe+0x1657]
C  [javaw.exe+0x1e2c]
C  [javaw.exe+0x8644]
C  [kernel32.dll+0x1339a]  BaseThreadInitThunk+0x12
C  [ntdll.dll+0x39ef2]  RtlInitializeExceptionChain+0x63
C  [ntdll.dll+0x39ec5]  RtlInitializeExceptionChain+0x36


---------------  P R O C E S S  ---------------

Java Threads: ( => current thread )

Other Threads:

=>0x02779400 (exited) JavaThread "Unknown thread" [_thread_in_vm, id=7848, stack(0x00980000,0x009d0000)]

VM state:not at safepoint (not fully initialized)

VM Mutex/Monitor currently owned by a thread: None

Dynamic libraries:
0x00400000 - 0x00424000 	C:\Program Files (x86)\Java\jdk1.6.0_26\bin\javaw.exe
0x77e80000 - 0x78000000 	C:\Windows\SysWOW64\ntdll.dll
0x771d0000 - 0x772e0000 	C:\Windows\syswow64\kernel32.dll
0x77570000 - 0x775b6000 	C:\Windows\syswow64\KERNELBASE.dll
0x75410000 - 0x75444000 	C:\Program Files\Alwil Software\Avast5\snxhk.dll
0x75900000 - 0x759a0000 	C:\Windows\syswow64\ADVAPI32.dll
0x75850000 - 0x758fc000 	C:\Windows\syswow64\msvcrt.dll
0x76900000 - 0x76919000 	C:\Windows\SysWOW64\sechost.dll
0x755c0000 - 0x756b0000 	C:\Windows\syswow64\RPCRT4.dll
0x75560000 - 0x755c0000 	C:\Windows\syswow64\SspiCli.dll
0x75550000 - 0x7555c000 	C:\Windows\syswow64\CRYPTBASE.dll
0x756b0000 - 0x757b0000 	C:\Windows\syswow64\USER32.dll
0x76790000 - 0x76820000 	C:\Windows\syswow64\GDI32.dll
0x772e0000 - 0x772ea000 	C:\Windows\syswow64\LPK.dll
0x757b0000 - 0x7584d000 	C:\Windows\syswow64\USP10.dll
0x71e90000 - 0x71edc000 	C:\Windows\system32\apphelp.dll
0x6bd40000 - 0x6bf58000 	C:\Windows\AppPatch\AcGenral.DLL
0x770e0000 - 0x77137000 	C:\Windows\syswow64\SHLWAPI.dll
0x70e20000 - 0x70ea0000 	C:\Windows\system32\UxTheme.dll
0x75280000 - 0x752b2000 	C:\Windows\system32\WINMM.dll
0x74a20000 - 0x74a2f000 	C:\Windows\system32\samcli.dll
0x76f80000 - 0x770dc000 	C:\Windows\syswow64\ole32.dll
0x76e50000 - 0x76edf000 	C:\Windows\syswow64\OLEAUT32.dll
0x74980000 - 0x74994000 	C:\Windows\system32\MSACM32.dll
0x75400000 - 0x75409000 	C:\Windows\system32\VERSION.dll
0x75b40000 - 0x7678a000 	C:\Windows\syswow64\SHELL32.dll
0x71cf0000 - 0x71cf3000 	C:\Windows\system32\sfc.dll
0x70660000 - 0x7066d000 	C:\Windows\system32\sfc_os.DLL
0x74fc0000 - 0x74fd7000 	C:\Windows\system32\USERENV.dll
0x74fb0000 - 0x74fbb000 	C:\Windows\system32\profapi.dll
0x71e30000 - 0x71e43000 	C:\Windows\system32\dwmapi.dll
0x759a0000 - 0x75b3d000 	C:\Windows\syswow64\SETUPAPI.dll
0x77540000 - 0x77567000 	C:\Windows\syswow64\CFGMGR32.dll
0x76820000 - 0x76832000 	C:\Windows\syswow64\DEVOBJ.dll
0x76b40000 - 0x76c51000 	C:\Windows\syswow64\urlmon.dll
0x77300000 - 0x774b8000 	C:\Windows\syswow64\iertutil.dll
0x76990000 - 0x76aab000 	C:\Windows\syswow64\WININET.dll
0x77e50000 - 0x77e53000 	C:\Windows\syswow64\Normaliz.dll
0x749a0000 - 0x749b2000 	C:\Windows\system32\MPR.dll
0x6bc20000 - 0x6bcad000 	C:\Windows\AppPatch\AcLayers.DLL
0x753a0000 - 0x753f1000 	C:\Windows\system32\WINSPOOL.DRV
0x76ab0000 - 0x76b10000 	C:\Windows\system32\IMM32.DLL
0x76d80000 - 0x76e4c000 	C:\Windows\syswow64\MSCTF.dll
0x7c340000 - 0x7c396000 	C:\Program Files (x86)\Java\jdk1.6.0_26\jre\bin\msvcr71.dll
0x6d8a0000 - 0x6db4f000 	C:\Program Files (x86)\Java\jdk1.6.0_26\jre\bin\client\jvm.dll
0x6d850000 - 0x6d85c000 	C:\Program Files (x86)\Java\jdk1.6.0_26\jre\bin\verify.dll
0x6d3d0000 - 0x6d3ef000 	C:\Program Files (x86)\Java\jdk1.6.0_26\jre\bin\java.dll
0x76920000 - 0x76925000 	C:\Windows\system32\PSAPI.DLL
0x6d890000 - 0x6d89f000 	C:\Program Files (x86)\Java\jdk1.6.0_26\jre\bin\zip.dll

VM Arguments:
jvm_args: -Dfile.encoding=Cp1252 -Xbootclasspath:C:\android\platforms\android-8\android.jar 
java_command: com.cloudappstudio.android.Test
Launcher Type: SUN_STANDARD

Environment Variables:
CLASSPATH=.;C:\Program Files (x86)\Java\jre6\lib\ext\QTJava.zip
PATH=C:/Program Files (x86)/Java/jre6/bin/client;C:/Program Files (x86)/Java/jre6/bin;C:/Program Files (x86)/Java/jre6/lib/i386;C:\Program Files (x86)\NVIDIA Corporation\PhysX\Common;C:\Windows\system32;C:\Windows;C:\Windows\System32\Wbem;C:\Windows\System32\WindowsPowerShell\v1.0\;C:\Program Files (x86)\ATI Technologies\ATI.ACE\Core-Static;C:\Program Files (x86)\Java\jdk1.6.0_26\bin;C:\eclipse\plugins\com.intland.hgbinary.win32_1.6.4\os\win32;C:\eclipse\plugins\com.google.appengine.eclipse.sdkbundle.1.4.0_1.4.0.v201012021502\appengine-java-sdk-1.4.0\bin;C:\android\tools;C:\Program Files (x86)\QuickTime\QTSystem\;C:\eclipse;
USERNAME=Dick
OS=Windows_NT
PROCESSOR_IDENTIFIER=Intel64 Family 6 Model 37 Stepping 2, GenuineIntel



---------------  S Y S T E M  ---------------

OS: Windows 7 Build 7601 Service Pack 1

CPU:total 4 (2 cores per cpu, 2 threads per core) family 6 model 37 stepping 2, cmov, cx8, fxsr, mmx, sse, sse2, sse3, ssse3, sse4.1, sse4.2, popcnt, ht

Memory: 4k page, physical 8383984k(2708724k free), swap 16766120k(8840580k free)

vm_info: Java HotSpot(TM) Client VM (20.1-b02) for windows-x86 JRE (1.6.0_26-b03), built on May  4 2011 00:50:59 by "java_re" with MS VC++ 7.1 (VS2003)

time: Tue Mar 20 18:56:22 2012
elapsed time: 0 seconds

